<?xml version="1.0" encoding="UTF-8"?>
<testng-results ignored="0" total="1" passed="1" failed="0" skipped="0">
  <reporter-output>
  </reporter-output>
  <suite started-at="2023-01-19T15:47:29 IST" name="Suite" finished-at="2023-01-19T15:47:37 IST" duration-ms="8010">
    <groups>
    </groups>
    <test started-at="2023-01-19T15:47:29 IST" name="Test" finished-at="2023-01-19T15:47:37 IST" duration-ms="8010">
      <class name="com.test.loginTest">
        <test-method is-config="true" signature="setup()[pri:0, instance:com.test.loginTest@c267ef4]" started-at="2023-01-19T15:47:29 IST" name="setup" finished-at="2023-01-19T15:47:33 IST" duration-ms="3255" status="PASS">
          <reporter-output>
          </reporter-output>
        </test-method> <!-- setup -->
        <test-method signature="logintest()[pri:0, instance:com.test.loginTest@c267ef4]" started-at="2023-01-19T15:47:33 IST" name="logintest" finished-at="2023-01-19T15:47:37 IST" duration-ms="4606" status="PASS">
          <reporter-output>
          </reporter-output>
        </test-method> <!-- logintest -->
        <test-method is-config="true" signature="setup1()[pri:0, instance:com.test.loginTest@c267ef4]" started-at="2023-01-19T15:47:37 IST" name="setup1" finished-at="2023-01-19T15:47:37 IST" duration-ms="122" status="PASS">
          <reporter-output>
          </reporter-output>
        </test-method> <!-- setup1 -->
      </class> <!-- com.test.loginTest -->
    </test> <!-- Test -->
  </suite> <!-- Suite -->
</testng-results>
